<?xml version="1.0" encoding="UTF-8"?>
<!-- Generated by org.testng.reporters.JUnitXMLReporter -->
<testsuite ignored="0" hostname="LAPTOP-10K7DP0P" failures="0" tests="6" name="Default test" time="0.241" errors="0" timestamp="2021-10-17T17:29:10 IST">
  <testcase classname="calculator.StringCalculatorShould" name="emptyStringReturnzero" time="0.03"/>
  <testcase classname="calculator.StringCalculatorShould" name="negativeNumberException" time="0.004"/>
  <testcase classname="calculator.StringCalculatorShould" name="singleValueIsReplied" time="0.006"/>
  <testcase classname="calculator.StringCalculatorShould" name="threeNumbersDelimitedBoth" time="0.008"/>
  <testcase classname="calculator.StringCalculatorShould" name="twoNumberNewLineDilimter" time="0.008"/>
  <testcase classname="calculator.StringCalculatorShould" name="twoNumbersCommaDelimited" time="0.004"/>
</testsuite> <!-- Default test -->
