<?xml version="1.0" encoding="UTF-8"?>
<!-- Generated by org.testng.reporters.JUnitXMLReporter -->
<testsuite ignored="0" hostname="LAPTOP-10K7DP0P" failures="0" tests="5" name="Default test" time="0.254" errors="0" timestamp="2021-10-17T16:28:40 IST">
  <testcase classname="calculator.StringCalculatorShould" name="emptyStringReturnzero" time="0.035"/>
  <testcase classname="calculator.StringCalculatorShould" name="singleValueIsReplied" time="0.009"/>
  <testcase classname="calculator.StringCalculatorShould" name="threeNumbersDelimitedBoth" time="0.009"/>
  <testcase classname="calculator.StringCalculatorShould" name="twoNumberNewLineDilimter" time="0.005"/>
  <testcase classname="calculator.StringCalculatorShould" name="twoNumbersCommaDelimited" time="0.009"/>
</testsuite> <!-- Default test -->
