<?xml version="1.0" encoding="UTF-8"?>
<testng-results ignored="0" total="5" passed="5" failed="0" skipped="0">
  <reporter-output>
  </reporter-output>
  <suite started-at="2021-10-17T16:28:40 IST" name="Default suite" finished-at="2021-10-17T16:28:40 IST" duration-ms="254">
    <groups>
    </groups>
    <test started-at="2021-10-17T16:28:40 IST" name="Default test" finished-at="2021-10-17T16:28:40 IST" duration-ms="254">
      <class name="calculator.StringCalculatorShould">
        <test-method is-config="true" signature="init()[pri:0, instance:calculator.StringCalculatorShould@73ee04c8]" started-at="2021-10-17T16:28:40 IST" name="init" finished-at="2021-10-17T16:28:40 IST" duration-ms="16" status="PASS">
          <reporter-output>
          </reporter-output>
        </test-method> <!-- init -->
        <test-method signature="emptyStringReturnzero()[pri:0, instance:calculator.StringCalculatorShould@73ee04c8]" started-at="2021-10-17T16:28:40 IST" name="emptyStringReturnzero" finished-at="2021-10-17T16:28:40 IST" duration-ms="35" status="PASS">
          <reporter-output>
          </reporter-output>
        </test-method> <!-- emptyStringReturnzero -->
        <test-method signature="singleValueIsReplied()[pri:0, instance:calculator.StringCalculatorShould@73ee04c8]" started-at="2021-10-17T16:28:40 IST" name="singleValueIsReplied" finished-at="2021-10-17T16:28:40 IST" duration-ms="9" status="PASS">
          <reporter-output>
          </reporter-output>
        </test-method> <!-- singleValueIsReplied -->
        <test-method signature="threeNumbersDelimitedBoth()[pri:0, instance:calculator.StringCalculatorShould@73ee04c8]" started-at="2021-10-17T16:28:40 IST" name="threeNumbersDelimitedBoth" finished-at="2021-10-17T16:28:40 IST" duration-ms="9" status="PASS">
          <reporter-output>
          </reporter-output>
        </test-method> <!-- threeNumbersDelimitedBoth -->
        <test-method signature="twoNumberNewLineDilimter()[pri:0, instance:calculator.StringCalculatorShould@73ee04c8]" started-at="2021-10-17T16:28:40 IST" name="twoNumberNewLineDilimter" finished-at="2021-10-17T16:28:40 IST" duration-ms="5" status="PASS">
          <reporter-output>
          </reporter-output>
        </test-method> <!-- twoNumberNewLineDilimter -->
        <test-method signature="twoNumbersCommaDelimited()[pri:0, instance:calculator.StringCalculatorShould@73ee04c8]" started-at="2021-10-17T16:28:40 IST" name="twoNumbersCommaDelimited" finished-at="2021-10-17T16:28:40 IST" duration-ms="9" status="PASS">
          <reporter-output>
          </reporter-output>
        </test-method> <!-- twoNumbersCommaDelimited -->
      </class> <!-- calculator.StringCalculatorShould -->
    </test> <!-- Default test -->
  </suite> <!-- Default suite -->
</testng-results>
