<?xml version="1.0" encoding="UTF-8"?>
<testng-results ignored="0" total="1" passed="1" failed="0" skipped="0">
  <reporter-output>
  </reporter-output>
  <suite started-at="2021-10-17T14:36:18 IST" name="Default suite" finished-at="2021-10-17T14:36:18 IST" duration-ms="184">
    <groups>
    </groups>
    <test started-at="2021-10-17T14:36:18 IST" name="Default test" finished-at="2021-10-17T14:36:18 IST" duration-ms="184">
      <class name="calculator.StringCalculatorShould">
        <test-method is-config="true" signature="init()[pri:0, instance:calculator.StringCalculatorShould@3246fb96]" started-at="2021-10-17T14:36:18 IST" name="init" finished-at="2021-10-17T14:36:18 IST" duration-ms="21" status="PASS">
          <reporter-output>
          </reporter-output>
        </test-method> <!-- init -->
        <test-method signature="emptyStringReturnzero()[pri:0, instance:calculator.StringCalculatorShould@3246fb96]" started-at="2021-10-17T14:36:18 IST" name="emptyStringReturnzero" finished-at="2021-10-17T14:36:18 IST" duration-ms="21" status="PASS">
          <reporter-output>
          </reporter-output>
        </test-method> <!-- emptyStringReturnzero -->
      </class> <!-- calculator.StringCalculatorShould -->
    </test> <!-- Default test -->
  </suite> <!-- Default suite -->
</testng-results>
